4.4186 	WARNING 	We strongly recommend you activate the PTB sound engine in PsychoPy prefs as the preferred audio engine. Its timing is vastly superior. Your prefs are currently set to use ['sounddevice', 'PTB', 'pyo', 'pygame'] (in that order).
11.1974 	EXP 	Created window1 = Window(allowGUI=True, allowStencil=False, autoLog=True, backendConf=UNKNOWN, bitsMode=UNKNOWN, blendMode='avg', bpc=(8, 8, 8), color=array([0, 0, 0]), colorSpace='rgb', depthBits=8, fullscr=<method-wrapper '__getattribute__' of attributeSetter object at 0x000002105EF6E3A0>, gamma=None, gammaErrorPolicy='raise', lms=UNKNOWN, monitor=<psychopy.monitors.calibTools.Monitor object at 0x00000210A1BA7BB0>, multiSample=False, name='window1', numSamples=2, pos=(171, -106), screen=0, size=array([1024,  980]), stencilBits=0, stereo=False, units='height', useFBO=True, useRetina=False, viewOri=0.0, viewPos=None, viewScale=None, waitBlanking=True, winType='pyglet')
11.1976 	EXP 	window1: mouseVisible = True
11.1977 	EXP 	window1: mouseVisible = True
11.1977 	EXP 	window1: Attempting to measure frame rate of screen (0) ...
11.1977 	EXP 	window1: recordFrameIntervals = False
11.3616 	EXP 	window1: recordFrameIntervals = True
11.6473 	WARNING 	t of last frame was 20.71ms (=1/48)
11.6728 	WARNING 	t of last frame was 25.54ms (=1/39)
11.7418 	WARNING 	t of last frame was 30.86ms (=1/32)
11.7623 	WARNING 	t of last frame was 20.45ms (=1/48)
11.8097 	WARNING 	Multiple dropped frames have occurred - I'll stop bothering you about them!
12.0281 	EXP 	Screen (0) actual frame rate measured at 59.67Hz
12.0281 	EXP 	window1: recordFrameIntervals = False
12.2312 	WARNING 	launchHubServer: If using the iohub mouse or eyetracker devices, fullScr should be True.
17.4405 	EXP 	Created Welcome_text = TextStim(__class__=<class 'psychopy.visual.text.TextStim'>, alignHoriz=method-wrapper(...), alignText='center', alignVert=method-wrapper(...), anchorHoriz='center', anchorVert='center', antialias=True, autoDraw=False, autoLog=True, bold=False, color=array([1, 1, 1]), colorSpace='rgb', contrast=1.0, depth=0.0, flipHoriz=False, flipVert=False, font='Open Sans', fontFiles=[], height=0.05, italic=False, languageStyle='LTR', name='Welcome_text', opacity=1.0, ori=0.0, pos=array([0., 0.]), rgb=UNKNOWN, text=str(...), units='height', win=Window(...), wrapWidth=1)
17.5214 	EXP 	Created Instructions_1 = TextStim(__class__=<class 'psychopy.visual.text.TextStim'>, alignHoriz=method-wrapper(...), alignText='center', alignVert=method-wrapper(...), anchorHoriz='center', anchorVert='center', antialias=True, autoDraw=False, autoLog=True, bold=False, color=array([1, 1, 1]), colorSpace='rgb', contrast=1.0, depth=0.0, flipHoriz=False, flipVert=False, font='Open Sans', fontFiles=[], height=0.05, italic=False, languageStyle='LTR', name='Instructions_1', opacity=1.0, ori=0.0, pos=array([0., 0.]), rgb=UNKNOWN, text=str(...), units='height', win=Window(...), wrapWidth=1)
17.6024 	EXP 	Created Instructions_2 = TextStim(__class__=<class 'psychopy.visual.text.TextStim'>, alignHoriz=method-wrapper(...), alignText='center', alignVert=method-wrapper(...), anchorHoriz='center', anchorVert='center', antialias=True, autoDraw=False, autoLog=True, bold=False, color=array([1, 1, 1]), colorSpace='rgb', contrast=1.0, depth=-1.0, flipHoriz=False, flipVert=False, font='Open Sans', fontFiles=[], height=0.05, italic=False, languageStyle='LTR', name='Instructions_2', opacity=1.0, ori=0.0, pos=array([0., 0.]), rgb=UNKNOWN, text=str(...), units='height', win=Window(...), wrapWidth=1)
17.6041 	EXP 	Created blank1 = TextStim(__class__=<class 'psychopy.visual.text.TextStim'>, alignHoriz=method-wrapper(...), alignText='center', alignVert=method-wrapper(...), anchorHoriz='center', anchorVert='center', antialias=True, autoDraw=False, autoLog=True, bold=False, color=array([1, 1, 1]), colorSpace='rgb', contrast=1.0, depth=0.0, flipHoriz=False, flipVert=False, font='Open Sans', fontFiles=[], height=0.05, italic=False, languageStyle='LTR', name='blank1', opacity=1.0, ori=0.0, pos=array([0., 0.]), rgb=UNKNOWN, text='', units='height', win=Window(...), wrapWidth=1)
17.6138 	EXP 	Created anecdotes_1 = TextStim(__class__=<class 'psychopy.visual.text.TextStim'>, alignHoriz=method-wrapper(...), alignText='center', alignVert=method-wrapper(...), anchorHoriz='center', anchorVert='center', antialias=True, autoDraw=False, autoLog=True, bold=False, color=array([1, 1, 1]), colorSpace='rgb', contrast=1.0, depth=0.0, flipHoriz=False, flipVert=False, font='Open Sans', fontFiles=[], height=0.05, italic=False, languageStyle='LTR', name='anecdotes_1', opacity=1.0, ori=0.0, pos=array([0.  , 0.25]), rgb=UNKNOWN, text='Une voiture à 4 roues', units='height', win=Window(...), wrapWidth=1)
17.6421 	EXP 	Created blank = TextStim(__class__=<class 'psychopy.visual.text.TextStim'>, alignHoriz=method-wrapper(...), alignText='center', alignVert=method-wrapper(...), anchorHoriz='center', anchorVert='center', antialias=True, autoDraw=False, autoLog=True, bold=False, color=array([1, 1, 1]), colorSpace='rgb', contrast=1.0, depth=-2.0, flipHoriz=False, flipVert=False, font='Open Sans', fontFiles=[], height=0.05, italic=False, languageStyle='LTR', name='blank', opacity=1.0, ori=0.0, pos=array([0., 0.]), rgb=UNKNOWN, text='', units='height', win=Window(...), wrapWidth=1)
17.6536 	EXP 	Created feedback_phrase = TextStim(__class__=<class 'psychopy.visual.text.TextStim'>, alignHoriz=method-wrapper(...), alignText='center', alignVert=method-wrapper(...), anchorHoriz='center', anchorVert='center', antialias=True, autoDraw=False, autoLog=True, bold=False, color=array([1, 1, 1]), colorSpace='rgb', contrast=1.0, depth=-3.0, flipHoriz=False, flipVert=False, font='Open Sans', fontFiles=[], height=0.05, italic=False, languageStyle='LTR', name='feedback_phrase', opacity=1.0, ori=0.0, pos=array([0.  , 0.25]), rgb=UNKNOWN, text=str(...), units='height', win=Window(...), wrapWidth=1)
17.6594 	EXP 	Created feedback_fichier_train_1 = TextStim(__class__=<class 'psychopy.visual.text.TextStim'>, alignHoriz=method-wrapper(...), alignText='center', alignVert=method-wrapper(...), anchorHoriz='center', anchorVert='center', antialias=True, autoDraw=False, autoLog=True, bold=False, color=array([1, 1, 1]), colorSpace='rgb', contrast=1.0, depth=-4.0, flipHoriz=False, flipVert=False, font='Open Sans', fontFiles=[], height=0.05, italic=False, languageStyle='LTR', name='feedback_fichier_train_1', opacity=1.0, ori=0.0, pos=array([0., 0.]), rgb=UNKNOWN, text='POINTS', units='height', win=Window(...), wrapWidth=1)
17.6706 	EXP 	Created anecdotes_2 = TextStim(__class__=<class 'psychopy.visual.text.TextStim'>, alignHoriz=method-wrapper(...), alignText='center', alignVert=method-wrapper(...), anchorHoriz='center', anchorVert='center', antialias=True, autoDraw=False, autoLog=True, bold=False, color=array([1, 1, 1]), colorSpace='rgb', contrast=1.0, depth=0.0, flipHoriz=False, flipVert=False, font='Open Sans', fontFiles=[], height=0.05, italic=False, languageStyle='LTR', name='anecdotes_2', opacity=1.0, ori=0.0, pos=array([0., 0.]), rgb=UNKNOWN, text=str(...), units='height', win=Window(...), wrapWidth=1)
17.6721 	EXP 	Created blank_2 = TextStim(__class__=<class 'psychopy.visual.text.TextStim'>, alignHoriz=method-wrapper(...), alignText='center', alignVert=method-wrapper(...), anchorHoriz='center', anchorVert='center', antialias=True, autoDraw=False, autoLog=True, bold=False, color=array([1, 1, 1]), colorSpace='rgb', contrast=1.0, depth=-1.0, flipHoriz=False, flipVert=False, font='Open Sans', fontFiles=[], height=0.05, italic=False, languageStyle='LTR', name='blank_2', opacity=1.0, ori=0.0, pos=array([0., 0.]), rgb=UNKNOWN, text='', units='height', win=Window(...), wrapWidth=1)
17.6838 	EXP 	Created feedback_phrase_2 = TextStim(__class__=<class 'psychopy.visual.text.TextStim'>, alignHoriz=method-wrapper(...), alignText='center', alignVert=method-wrapper(...), anchorHoriz='center', anchorVert='center', antialias=True, autoDraw=False, autoLog=True, bold=False, color=array([1, 1, 1]), colorSpace='rgb', contrast=1.0, depth=-2.0, flipHoriz=False, flipVert=False, font='Open Sans', fontFiles=[], height=0.05, italic=False, languageStyle='LTR', name='feedback_phrase_2', opacity=1.0, ori=0.0, pos=array([0.  , 0.25]), rgb=UNKNOWN, text="L'anecdote a été sauvegardée par :", units='height', win=Window(...), wrapWidth=1)
17.6877 	EXP 	Created feedback_fichier_train_2 = TextStim(__class__=<class 'psychopy.visual.text.TextStim'>, alignHoriz=method-wrapper(...), alignText='center', alignVert=method-wrapper(...), anchorHoriz='center', anchorVert='center', antialias=True, autoDraw=False, autoLog=True, bold=False, color=array([1, 1, 1]), colorSpace='rgb', contrast=1.0, depth=-3.0, flipHoriz=False, flipVert=False, font='Open Sans', fontFiles=[], height=0.05, italic=False, languageStyle='LTR', name='feedback_fichier_train_2', opacity=1.0, ori=0.0, pos=array([0., 0.]), rgb=UNKNOWN, text='E.T', units='height', win=Window(...), wrapWidth=1)
17.6979 	EXP 	Created anecdotes_3 = TextStim(__class__=<class 'psychopy.visual.text.TextStim'>, alignHoriz=method-wrapper(...), alignText='center', alignVert=method-wrapper(...), anchorHoriz='center', anchorVert='center', antialias=True, autoDraw=False, autoLog=True, bold=False, color=array([1, 1, 1]), colorSpace='rgb', contrast=1.0, depth=0.0, flipHoriz=False, flipVert=False, font='Open Sans', fontFiles=[], height=0.05, italic=False, languageStyle='LTR', name='anecdotes_3', opacity=1.0, ori=0.0, pos=array([0., 0.]), rgb=UNKNOWN, text='Le Coca Cola était à la base un médicament', units='height', win=Window(...), wrapWidth=1)
17.6997 	EXP 	Created blank_3 = TextStim(__class__=<class 'psychopy.visual.text.TextStim'>, alignHoriz=method-wrapper(...), alignText='center', alignVert=method-wrapper(...), anchorHoriz='center', anchorVert='center', antialias=True, autoDraw=False, autoLog=True, bold=False, color=array([1, 1, 1]), colorSpace='rgb', contrast=1.0, depth=-1.0, flipHoriz=False, flipVert=False, font='Open Sans', fontFiles=[], height=0.05, italic=False, languageStyle='LTR', name='blank_3', opacity=1.0, ori=0.0, pos=array([0., 0.]), rgb=UNKNOWN, text='', units='height', win=Window(...), wrapWidth=1)
17.7094 	EXP 	Created feedback_phrase_3 = TextStim(__class__=<class 'psychopy.visual.text.TextStim'>, alignHoriz=method-wrapper(...), alignText='center', alignVert=method-wrapper(...), anchorHoriz='center', anchorVert='center', antialias=True, autoDraw=False, autoLog=True, bold=False, color=array([1, 1, 1]), colorSpace='rgb', contrast=1.0, depth=-2.0, flipHoriz=False, flipVert=False, font='Open Sans', fontFiles=[], height=0.05, italic=False, languageStyle='LTR', name='feedback_phrase_3', opacity=1.0, ori=0.0, pos=array([0.  , 0.25]), rgb=UNKNOWN, text="L'anecdote a été sauvegardée par :", units='height', win=Window(...), wrapWidth=1)
17.7170 	EXP 	Created feedback_fichier_train_3 = TextStim(__class__=<class 'psychopy.visual.text.TextStim'>, alignHoriz=method-wrapper(...), alignText='center', alignVert=method-wrapper(...), anchorHoriz='center', anchorVert='center', antialias=True, autoDraw=False, autoLog=True, bold=False, color=array([1, 1, 1]), colorSpace='rgb', contrast=1.0, depth=-3.0, flipHoriz=False, flipVert=False, font='Open Sans', fontFiles=[], height=0.05, italic=False, languageStyle='LTR', name='feedback_fichier_train_3', opacity=1.0, ori=0.0, pos=array([0., 0.]), rgb=UNKNOWN, text='DeepBlue', units='height', win=Window(...), wrapWidth=1)
17.7231 	EXP 	Created anecdotes_4 = TextStim(__class__=<class 'psychopy.visual.text.TextStim'>, alignHoriz=method-wrapper(...), alignText='center', alignVert=method-wrapper(...), anchorHoriz='center', anchorVert='center', antialias=True, autoDraw=False, autoLog=True, bold=False, color=array([1, 1, 1]), colorSpace='rgb', contrast=1.0, depth=0.0, flipHoriz=False, flipVert=False, font='Open Sans', fontFiles=[], height=0.05, italic=False, languageStyle='LTR', name='anecdotes_4', opacity=1.0, ori=0.0, pos=array([0., 0.]), rgb=UNKNOWN, text="L'escargot est un animal hermaphrodite", units='height', win=Window(...), wrapWidth=1)
17.7247 	EXP 	Created blank_4 = TextStim(__class__=<class 'psychopy.visual.text.TextStim'>, alignHoriz=method-wrapper(...), alignText='center', alignVert=method-wrapper(...), anchorHoriz='center', anchorVert='center', antialias=True, autoDraw=False, autoLog=True, bold=False, color=array([1, 1, 1]), colorSpace='rgb', contrast=1.0, depth=-1.0, flipHoriz=False, flipVert=False, font='Open Sans', fontFiles=[], height=0.05, italic=False, languageStyle='LTR', name='blank_4', opacity=1.0, ori=0.0, pos=array([0., 0.]), rgb=UNKNOWN, text='', units='height', win=Window(...), wrapWidth=1)
17.7329 	EXP 	Created feedback_phrase_4 = TextStim(__class__=<class 'psychopy.visual.text.TextStim'>, alignHoriz=method-wrapper(...), alignText='center', alignVert=method-wrapper(...), anchorHoriz='center', anchorVert='center', antialias=True, autoDraw=False, autoLog=True, bold=False, color=array([1, 1, 1]), colorSpace='rgb', contrast=1.0, depth=-2.0, flipHoriz=False, flipVert=False, font='Open Sans', fontFiles=[], height=0.05, italic=False, languageStyle='LTR', name='feedback_phrase_4', opacity=1.0, ori=0.0, pos=array([0.  , 0.25]), rgb=UNKNOWN, text="L'anecdote a été sauvegardée par :", units='height', win=Window(...), wrapWidth=1)
17.7384 	EXP 	Created feedback_fichier_train_4 = TextStim(__class__=<class 'psychopy.visual.text.TextStim'>, alignHoriz=method-wrapper(...), alignText='center', alignVert=method-wrapper(...), anchorHoriz='center', anchorVert='center', antialias=True, autoDraw=False, autoLog=True, bold=False, color=array([1, 1, 1]), colorSpace='rgb', contrast=1.0, depth=-3.0, flipHoriz=False, flipVert=False, font='Open Sans', fontFiles=[], height=0.05, italic=False, languageStyle='LTR', name='feedback_fichier_train_4', opacity=1.0, ori=0.0, pos=array([0., 0.]), rgb=UNKNOWN, text='Sam', units='height', win=Window(...), wrapWidth=1)
17.7584 	EXP 	Created anecdotes_5 = TextStim(__class__=<class 'psychopy.visual.text.TextStim'>, alignHoriz=method-wrapper(...), alignText='center', alignVert=method-wrapper(...), anchorHoriz='center', anchorVert='center', antialias=True, autoDraw=False, autoLog=True, bold=False, color=array([1, 1, 1]), colorSpace='rgb', contrast=1.0, depth=0.0, flipHoriz=False, flipVert=False, font='Open Sans', fontFiles=[], height=0.05, italic=False, languageStyle='LTR', name='anecdotes_5', opacity=1.0, ori=0.0, pos=array([0., 0.]), rgb=UNKNOWN, text=str(...), units='height', win=Window(...), wrapWidth=1)
17.7625 	EXP 	Created blank_5 = TextStim(__class__=<class 'psychopy.visual.text.TextStim'>, alignHoriz=method-wrapper(...), alignText='center', alignVert=method-wrapper(...), anchorHoriz='center', anchorVert='center', antialias=True, autoDraw=False, autoLog=True, bold=False, color=array([1, 1, 1]), colorSpace='rgb', contrast=1.0, depth=-1.0, flipHoriz=False, flipVert=False, font='Open Sans', fontFiles=[], height=0.05, italic=False, languageStyle='LTR', name='blank_5', opacity=1.0, ori=0.0, pos=array([0., 0.]), rgb=UNKNOWN, text='', units='height', win=Window(...), wrapWidth=1)
17.7721 	EXP 	Created feedback_phrase_5 = TextStim(__class__=<class 'psychopy.visual.text.TextStim'>, alignHoriz=method-wrapper(...), alignText='center', alignVert=method-wrapper(...), anchorHoriz='center', anchorVert='center', antialias=True, autoDraw=False, autoLog=True, bold=False, color=array([1, 1, 1]), colorSpace='rgb', contrast=1.0, depth=-2.0, flipHoriz=False, flipVert=False, font='Open Sans', fontFiles=[], height=0.05, italic=False, languageStyle='LTR', name='feedback_phrase_5', opacity=1.0, ori=0.0, pos=array([0.  , 0.25]), rgb=UNKNOWN, text="L'anecdote a été sauvegardée par :", units='height', win=Window(...), wrapWidth=1)
17.7817 	EXP 	Created feedback_fichier_train_5 = TextStim(__class__=<class 'psychopy.visual.text.TextStim'>, alignHoriz=method-wrapper(...), alignText='center', alignVert=method-wrapper(...), anchorHoriz='center', anchorVert='center', antialias=True, autoDraw=False, autoLog=True, bold=False, color=array([1, 1, 1]), colorSpace='rgb', contrast=1.0, depth=-3.0, flipHoriz=False, flipVert=False, font='Open Sans', fontFiles=[], height=0.05, italic=False, languageStyle='LTR', name='feedback_fichier_train_5', opacity=1.0, ori=0.0, pos=array([0., 0.]), rgb=UNKNOWN, text='Amazon', units='height', win=Window(...), wrapWidth=1)
17.7953 	EXP 	Created anecdotes_6 = TextStim(__class__=<class 'psychopy.visual.text.TextStim'>, alignHoriz=method-wrapper(...), alignText='center', alignVert=method-wrapper(...), anchorHoriz='center', anchorVert='center', antialias=True, autoDraw=False, autoLog=True, bold=False, color=array([1, 1, 1]), colorSpace='rgb', contrast=1.0, depth=0.0, flipHoriz=False, flipVert=False, font='Open Sans', fontFiles=[], height=0.05, italic=False, languageStyle='LTR', name='anecdotes_6', opacity=1.0, ori=0.0, pos=array([0., 0.]), rgb=UNKNOWN, text=str(...), units='height', win=Window(...), wrapWidth=1)
17.7977 	EXP 	Created blank_6 = TextStim(__class__=<class 'psychopy.visual.text.TextStim'>, alignHoriz=method-wrapper(...), alignText='center', alignVert=method-wrapper(...), anchorHoriz='center', anchorVert='center', antialias=True, autoDraw=False, autoLog=True, bold=False, color=array([1, 1, 1]), colorSpace='rgb', contrast=1.0, depth=-1.0, flipHoriz=False, flipVert=False, font='Open Sans', fontFiles=[], height=0.05, italic=False, languageStyle='LTR', name='blank_6', opacity=1.0, ori=0.0, pos=array([0., 0.]), rgb=UNKNOWN, text='', units='height', win=Window(...), wrapWidth=1)
17.8041 	EXP 	Created feedback_phrase_6 = TextStim(__class__=<class 'psychopy.visual.text.TextStim'>, alignHoriz=method-wrapper(...), alignText='center', alignVert=method-wrapper(...), anchorHoriz='center', anchorVert='center', antialias=True, autoDraw=False, autoLog=True, bold=False, color=array([1, 1, 1]), colorSpace='rgb', contrast=1.0, depth=-2.0, flipHoriz=False, flipVert=False, font='Open Sans', fontFiles=[], height=0.05, italic=False, languageStyle='LTR', name='feedback_phrase_6', opacity=1.0, ori=0.0, pos=array([0.  , 0.25]), rgb=UNKNOWN, text="L'anecdote a été sauvegardée par :", units='height', win=Window(...), wrapWidth=1)
17.8112 	EXP 	Created feedback_fichier_train_6 = TextStim(__class__=<class 'psychopy.visual.text.TextStim'>, alignHoriz=method-wrapper(...), alignText='center', alignVert=method-wrapper(...), anchorHoriz='center', anchorVert='center', antialias=True, autoDraw=False, autoLog=True, bold=False, color=array([1, 1, 1]), colorSpace='rgb', contrast=1.0, depth=-3.0, flipHoriz=False, flipVert=False, font='Open Sans', fontFiles=[], height=0.05, italic=False, languageStyle='LTR', name='feedback_fichier_train_6', opacity=1.0, ori=0.0, pos=array([0., 0.]), rgb=UNKNOWN, text='R2D2', units='height', win=Window(...), wrapWidth=1)
17.8130 	EXP 	Created blank1 = TextStim(__class__=<class 'psychopy.visual.text.TextStim'>, alignHoriz=method-wrapper(...), alignText='center', alignVert=method-wrapper(...), anchorHoriz='center', anchorVert='center', antialias=True, autoDraw=False, autoLog=True, bold=False, color=array([1, 1, 1]), colorSpace='rgb', contrast=1.0, depth=0.0, flipHoriz=False, flipVert=False, font='Open Sans', fontFiles=[], height=0.05, italic=False, languageStyle='LTR', name='blank1', opacity=1.0, ori=0.0, pos=array([0., 0.]), rgb=UNKNOWN, text='', units='height', win=Window(...), wrapWidth=1)
17.8583 	EXP 	Created Instructions_reco_1 = TextStim(__class__=<class 'psychopy.visual.text.TextStim'>, alignHoriz=method-wrapper(...), alignText='center', alignVert=method-wrapper(...), anchorHoriz='center', anchorVert='center', antialias=True, autoDraw=False, autoLog=True, bold=False, color=array([1, 1, 1]), colorSpace='rgb', contrast=1.0, depth=0.0, flipHoriz=False, flipVert=False, font='Open Sans', fontFiles=[], height=0.05, italic=False, languageStyle='LTR', name='Instructions_reco_1', opacity=1.0, ori=0.0, pos=array([0., 0.]), rgb=UNKNOWN, text=str(...), units='height', win=Window(...), wrapWidth=1)
17.8626 	EXP 	Created blank1 = TextStim(__class__=<class 'psychopy.visual.text.TextStim'>, alignHoriz=method-wrapper(...), alignText='center', alignVert=method-wrapper(...), anchorHoriz='center', anchorVert='center', antialias=True, autoDraw=False, autoLog=True, bold=False, color=array([1, 1, 1]), colorSpace='rgb', contrast=1.0, depth=0.0, flipHoriz=False, flipVert=False, font='Open Sans', fontFiles=[], height=0.05, italic=False, languageStyle='LTR', name='blank1', opacity=1.0, ori=0.0, pos=array([0., 0.]), rgb=UNKNOWN, text='', units='height', win=Window(...), wrapWidth=1)
17.8639 	EXP 	Created anecdotes_train_2 = TextStim(__class__=<class 'psychopy.visual.text.TextStim'>, alignHoriz=method-wrapper(...), alignText='center', alignVert=method-wrapper(...), anchorHoriz='center', anchorVert='center', antialias=True, autoDraw=False, autoLog=True, bold=False, color=array([1, 1, 1]), colorSpace='rgb', contrast=1.0, depth=0.0, flipHoriz=False, flipVert=False, font='Open Sans', fontFiles=[], height=0.05, italic=False, languageStyle='LTR', name='anecdotes_train_2', opacity=1.0, ori=0.0, pos=array([0.  , 0.25]), rgb=UNKNOWN, text='', units='height', win=Window(...), wrapWidth=1)
17.9011 	EXP 	Created validation_train_reco = TextStim(__class__=<class 'psychopy.visual.text.TextStim'>, alignHoriz=method-wrapper(...), alignText='center', alignVert=method-wrapper(...), anchorHoriz='center', anchorVert='center', antialias=True, autoDraw=False, autoLog=True, bold=False, color=array([1, 1, 1]), colorSpace='rgb', contrast=1.0, depth=-2.0, flipHoriz=False, flipVert=False, font='Open Sans', fontFiles=[], height=0.02, italic=False, languageStyle='LTR', name='validation_train_reco', opacity=1.0, ori=0.0, pos=array([ 0. , -0.4]), rgb=UNKNOWN, text='Valider', units='height', win=Window(...), wrapWidth=1)
17.9012 	EXP 	window1: mouseVisible = True
17.9027 	EXP 	Created blank2 = TextStim(__class__=<class 'psychopy.visual.text.TextStim'>, alignHoriz=method-wrapper(...), alignText='center', alignVert=method-wrapper(...), anchorHoriz='center', anchorVert='center', antialias=True, autoDraw=False, autoLog=True, bold=False, color=array([1, 1, 1]), colorSpace='rgb', contrast=1.0, depth=0.0, flipHoriz=False, flipVert=False, font='Open Sans', fontFiles=[], height=0.05, italic=False, languageStyle='LTR', name='blank2', opacity=1.0, ori=0.0, pos=array([0., 0.]), rgb=UNKNOWN, text='', units='height', win=Window(...), wrapWidth=1)
17.9056 	EXP 	Created blank1 = TextStim(__class__=<class 'psychopy.visual.text.TextStim'>, alignHoriz=method-wrapper(...), alignText='center', alignVert=method-wrapper(...), anchorHoriz='center', anchorVert='center', antialias=True, autoDraw=False, autoLog=True, bold=False, color=array([1, 1, 1]), colorSpace='rgb', contrast=1.0, depth=0.0, flipHoriz=False, flipVert=False, font='Open Sans', fontFiles=[], height=0.05, italic=False, languageStyle='LTR', name='blank1', opacity=1.0, ori=0.0, pos=array([0., 0.]), rgb=UNKNOWN, text='', units='height', win=Window(...), wrapWidth=1)
17.9201 	EXP 	Created text = TextStim(__class__=<class 'psychopy.visual.text.TextStim'>, alignHoriz=method-wrapper(...), alignText='center', alignVert=method-wrapper(...), anchorHoriz='center', anchorVert='center', antialias=True, autoDraw=False, autoLog=True, bold=False, color=array([1, 1, 1]), colorSpace='rgb', contrast=1.0, depth=0.0, flipHoriz=False, flipVert=False, font='Open Sans', fontFiles=[], height=0.05, italic=False, languageStyle='LTR', name='text', opacity=1.0, ori=0.0, pos=array([0., 0.]), rgb=UNKNOWN, text=str(...), units='height', win=Window(...), wrapWidth=1)
17.9355 	EXP 	train_text: autoLog = True
17.9355 	EXP 	reco_text_train: autoLog = True
17.9355 	EXP 	Welcome_text: autoDraw = True
20.9506 	EXP 	Welcome_text: autoDraw = False
20.9506 	EXP 	Instructions_1: autoDraw = True
30.9397 	EXP 	Instructions_2: autoDraw = True
30.9589 	EXP 	Instructions_1: autoDraw = False
218.5819 	DATA 	Keypress: space
221.8695 	DATA 	Mouse: Left button down, pos=(488,505)
222.2028 	DATA 	Mouse:  Left button up, pos=(488,505)
410.1230 	DATA 	Mouse: Left button down, pos=(712,569)
410.2491 	DATA 	Mouse:  Left button up, pos=(712,569)
415.4090 	DATA 	Keypress: i
415.4731 	EXP 	Instructions_1: autoDraw = False
415.4731 	EXP 	Instructions_2: autoDraw = False
415.4731 	EXP 	blank1: autoDraw = True
416.4869 	EXP 	blank1: autoDraw = False
416.4869 	EXP 	blank1: autoDraw = False
416.4869 	EXP 	anecdotes_1: autoDraw = True
416.4869 	EXP 	train_text: autoDraw = True
417.8587 	DATA 	Keypress: lshift
418.0089 	DATA 	Keypress: u
418.2240 	DATA 	Keypress: n
418.3170 	DATA 	Keypress: e
418.3891 	DATA 	Keypress: space
418.5598 	DATA 	Keypress: v
418.7058 	DATA 	Keypress: i
418.7064 	DATA 	Keypress: o
419.3437 	DATA 	Keypress: backspace
419.6292 	DATA 	Keypress: backspace
419.9524 	DATA 	Keypress: o
420.0464 	DATA 	Keypress: i
420.1065 	DATA 	Keypress: t
420.2492 	DATA 	Keypress: u
420.2891 	DATA 	Keypress: r
420.3575 	DATA 	Keypress: e
420.4560 	DATA 	Keypress: space
421.2704 	DATA 	Keypress: 9
421.6791 	DATA 	Keypress: backspace
421.8559 	DATA 	Keypress: a
421.9880 	DATA 	Keypress: space
422.2719 	DATA 	Keypress: lshift
422.4713 	DATA 	Keypress: 4
422.5691 	DATA 	Keypress: space
422.7872 	DATA 	Keypress: o
422.8683 	DATA 	Keypress: u
422.9177 	DATA 	Keypress: e
423.0181 	DATA 	Keypress: s
423.8081 	DATA 	Keypress: backspace
423.9881 	DATA 	Keypress: backspace
424.2021 	DATA 	Keypress: backspace
424.5153 	DATA 	Keypress: backspace
424.7179 	DATA 	Keypress: r
425.0538 	DATA 	Keypress: o
425.1488 	DATA 	Keypress: u
425.2007 	DATA 	Keypress: t
425.6011 	DATA 	Keypress: backspace
425.7832 	DATA 	Keypress: e
425.8643 	DATA 	Keypress: s
426.4773 	EXP 	blank: autoDraw = True
426.4946 	EXP 	anecdotes_1: autoDraw = False
426.4946 	EXP 	train_text: autoDraw = False
426.9622 	EXP 	feedback_phrase: autoDraw = True
426.9622 	EXP 	feedback_fichier_train_1: autoDraw = True
426.9937 	EXP 	blank: autoDraw = False
431.9718 	EXP 	feedback_phrase: autoDraw = False
431.9718 	EXP 	feedback_fichier_train_1: autoDraw = False
431.9718 	EXP 	anecdotes_1: autoDraw = False
431.9718 	EXP 	train_text: autoDraw = False
431.9718 	EXP 	blank: autoDraw = False
431.9718 	EXP 	feedback_phrase: autoDraw = False
431.9718 	EXP 	feedback_fichier_train_1: autoDraw = False
431.9718 	EXP 	anecdotes_2: autoDraw = True
441.9636 	EXP 	blank_2: autoDraw = True
441.9822 	EXP 	anecdotes_2: autoDraw = False
442.4620 	EXP 	feedback_phrase_2: autoDraw = True
442.4620 	EXP 	feedback_fichier_train_2: autoDraw = True
442.4791 	EXP 	blank_2: autoDraw = False
447.4845 	EXP 	feedback_phrase_2: autoDraw = False
447.4845 	EXP 	feedback_fichier_train_2: autoDraw = False
447.4845 	EXP 	anecdotes_2: autoDraw = False
447.4845 	EXP 	blank_2: autoDraw = False
447.4845 	EXP 	feedback_phrase_2: autoDraw = False
447.4845 	EXP 	feedback_fichier_train_2: autoDraw = False
447.4845 	EXP 	anecdotes_3: autoDraw = True
457.4619 	EXP 	blank_3: autoDraw = True
457.4937 	EXP 	anecdotes_3: autoDraw = False
457.9624 	EXP 	blank_3: autoDraw = False
457.9624 	EXP 	feedback_phrase_3: autoDraw = True
457.9624 	EXP 	feedback_fichier_train_3: autoDraw = True
462.9855 	EXP 	feedback_phrase_3: autoDraw = False
462.9855 	EXP 	feedback_fichier_train_3: autoDraw = False
462.9855 	EXP 	anecdotes_3: autoDraw = False
462.9855 	EXP 	blank_3: autoDraw = False
462.9855 	EXP 	feedback_phrase_3: autoDraw = False
462.9855 	EXP 	feedback_fichier_train_3: autoDraw = False
462.9855 	EXP 	anecdotes_4: autoDraw = True
472.9791 	EXP 	blank_4: autoDraw = True
472.9973 	EXP 	anecdotes_4: autoDraw = False
473.4634 	EXP 	feedback_phrase_4: autoDraw = True
473.4634 	EXP 	feedback_fichier_train_4: autoDraw = True
473.4923 	EXP 	blank_4: autoDraw = False
478.4712 	EXP 	feedback_phrase_4: autoDraw = False
478.4712 	EXP 	feedback_fichier_train_4: autoDraw = False
478.4712 	EXP 	anecdotes_4: autoDraw = False
478.4712 	EXP 	blank_4: autoDraw = False
478.4712 	EXP 	feedback_phrase_4: autoDraw = False
478.4712 	EXP 	feedback_fichier_train_4: autoDraw = False
478.4712 	EXP 	anecdotes_5: autoDraw = True
488.4633 	EXP 	blank_5: autoDraw = True
488.4939 	EXP 	anecdotes_5: autoDraw = False
488.9735 	EXP 	blank_5: autoDraw = False
488.9735 	EXP 	feedback_phrase_5: autoDraw = True
488.9735 	EXP 	feedback_fichier_train_5: autoDraw = True
493.9851 	EXP 	feedback_phrase_5: autoDraw = False
493.9851 	EXP 	feedback_fichier_train_5: autoDraw = False
493.9851 	EXP 	anecdotes_5: autoDraw = False
493.9851 	EXP 	blank_5: autoDraw = False
493.9851 	EXP 	feedback_phrase_5: autoDraw = False
493.9851 	EXP 	feedback_fichier_train_5: autoDraw = False
493.9851 	EXP 	anecdotes_6: autoDraw = True
503.9626 	EXP 	blank_6: autoDraw = True
504.0171 	EXP 	anecdotes_6: autoDraw = False
504.4625 	EXP 	feedback_phrase_6: autoDraw = True
504.4625 	EXP 	feedback_fichier_train_6: autoDraw = True
504.4769 	EXP 	blank_6: autoDraw = False
509.4709 	EXP 	feedback_phrase_6: autoDraw = False
509.4709 	EXP 	feedback_fichier_train_6: autoDraw = False
509.4709 	EXP 	anecdotes_6: autoDraw = False
509.4709 	EXP 	blank_6: autoDraw = False
509.4709 	EXP 	feedback_phrase_6: autoDraw = False
509.4709 	EXP 	feedback_fichier_train_6: autoDraw = False
509.4709 	EXP 	blank1: autoDraw = True
510.4892 	EXP 	blank1: autoDraw = False
510.4892 	EXP 	Instructions_reco_1: autoDraw = True
551.8554 	DATA 	Keypress: i
551.8757 	EXP 	Instructions_reco_1: autoDraw = False
551.8757 	EXP 	blank1: autoDraw = True
552.8854 	EXP 	Imported C:/Users/cassi/OneDrive/Bureau/Dossier_exp/Expérimentation_Groupe/StimTrainPerso1.xlsx as conditions, 6 conditions, 8 params
552.8867 	EXP 	Created sequence: random, trialTypes=6, nReps=1, seed=None
552.8876 	EXP 	New trial (rep=0, index=0): {'anec': 'Mâcher un chewing-gum en épluchant un oignon éviterait de nous faire pleurer', 'rotation_pika': 'Hamtaro', 'rotation_E_T': 'Hamtaro', 'rotation_DP': 'Hamtaro', 'rotation_Sam': 'Hamtaro', 'rotation_Hamtaro': 'ITEMS', 'rotation_R2D2': 'Hamtaro', 'fichier': 'ITEMS'}
552.9235 	EXP 	blank1: autoDraw = False
552.9235 	EXP 	anecdotes_train_2: height = 0.05
552.9235 	EXP 	anecdotes_train_2: height = 0.05
552.9235 	EXP 	anecdotes_train_2: height = 0.05
552.9235 	EXP 	anecdotes_train_2: text = 'Mâcher un chewing-gum en épluchant un oignon éviterait de nous faire pleurer'
552.9235 	EXP 	anecdotes_train_2: autoDraw = True
552.9235 	EXP 	reco_text_train: autoDraw = True
552.9235 	EXP 	validation_train_reco: autoDraw = True
555.9571 	DATA 	Keypress: lshift
556.8737 	DATA 	Keypress: p
557.1353 	DATA 	Keypress: o
557.3385 	DATA 	Keypress: i
557.5515 	DATA 	Keypress: n
557.6877 	DATA 	Keypress: t
557.7524 	DATA 	Keypress: s
566.1080 	DATA 	Mouse: wheel shift=(0,-1), pos=(490,239)
566.1247 	DATA 	Mouse: wheel shift=(0,-1), pos=(490,239)
566.1293 	DATA 	Mouse: wheel shift=(0,-1), pos=(490,239)
566.1461 	DATA 	Mouse: wheel shift=(0,-1), pos=(490,239)
566.1547 	DATA 	Mouse: wheel shift=(0,-1), pos=(490,239)
566.1812 	DATA 	Mouse: wheel shift=(0,-1), pos=(490,239)
567.1374 	DATA 	Keypress: return
567.5061 	DATA 	Keypress: return
567.6805 	DATA 	Keypress: return
567.9274 	DATA 	Keypress: return
569.3578 	DATA 	Mouse: Left button down, pos=(652,630)
569.4606 	DATA 	Mouse:  Left button up, pos=(652,630)
570.0729 	DATA 	Keypress: escape
570.5403 	EXP 	window1: mouseVisible = True
