4.2723 	WARNING 	We strongly recommend you activate the PTB sound engine in PsychoPy prefs as the preferred audio engine. Its timing is vastly superior. Your prefs are currently set to use ['sounddevice', 'PTB', 'pyo', 'pygame'] (in that order).
73.8027 	EXP 	Created window1 = Window(allowGUI=True, allowStencil=False, autoLog=True, backendConf=UNKNOWN, bitsMode=UNKNOWN, blendMode='avg', bpc=(8, 8, 8), color=array([0, 0, 0]), colorSpace='rgb', depthBits=8, fullscr=<method-wrapper '__getattribute__' of attributeSetter object at 0x000002012E81F3A0>, gamma=None, gammaErrorPolicy='raise', lms=UNKNOWN, monitor=<psychopy.monitors.calibTools.Monitor object at 0x00000201B2FE3BE0>, multiSample=False, name='window1', numSamples=2, pos=(171, -106), screen=0, size=array([1024,  980]), stencilBits=0, stereo=False, units='height', useFBO=True, useRetina=False, viewOri=0.0, viewPos=None, viewScale=None, waitBlanking=True, winType='pyglet')
73.8028 	EXP 	window1: mouseVisible = True
73.8029 	EXP 	window1: mouseVisible = True
73.8029 	EXP 	window1: Attempting to measure frame rate of screen (0) ...
73.8029 	EXP 	window1: recordFrameIntervals = False
73.9696 	EXP 	window1: recordFrameIntervals = True
74.1554 	EXP 	Screen (0) actual frame rate measured at 59.31Hz
74.1556 	EXP 	window1: recordFrameIntervals = False
74.4530 	WARNING 	launchHubServer: If using the iohub mouse or eyetracker devices, fullScr should be True.
79.4273 	EXP 	Created Welcome_text = TextStim(__class__=<class 'psychopy.visual.text.TextStim'>, alignHoriz=method-wrapper(...), alignText='center', alignVert=method-wrapper(...), anchorHoriz='center', anchorVert='center', antialias=True, autoDraw=False, autoLog=True, bold=False, color=array([1, 1, 1]), colorSpace='rgb', contrast=1.0, depth=0.0, flipHoriz=False, flipVert=False, font='Open Sans', fontFiles=[], height=0.05, italic=False, languageStyle='LTR', name='Welcome_text', opacity=1.0, ori=0.0, pos=array([0., 0.]), rgb=UNKNOWN, text=str(...), units='height', win=Window(...), wrapWidth=1)
79.5046 	EXP 	Created Instructions_1 = TextStim(__class__=<class 'psychopy.visual.text.TextStim'>, alignHoriz=method-wrapper(...), alignText='center', alignVert=method-wrapper(...), anchorHoriz='center', anchorVert='center', antialias=True, autoDraw=False, autoLog=True, bold=False, color=array([1, 1, 1]), colorSpace='rgb', contrast=1.0, depth=0.0, flipHoriz=False, flipVert=False, font='Open Sans', fontFiles=[], height=0.05, italic=False, languageStyle='LTR', name='Instructions_1', opacity=1.0, ori=0.0, pos=array([0., 0.]), rgb=UNKNOWN, text=str(...), units='height', win=Window(...), wrapWidth=1)
79.5768 	EXP 	Created Instructions_2 = TextStim(__class__=<class 'psychopy.visual.text.TextStim'>, alignHoriz=method-wrapper(...), alignText='center', alignVert=method-wrapper(...), anchorHoriz='center', anchorVert='center', antialias=True, autoDraw=False, autoLog=True, bold=False, color=array([1, 1, 1]), colorSpace='rgb', contrast=1.0, depth=-1.0, flipHoriz=False, flipVert=False, font='Open Sans', fontFiles=[], height=0.05, italic=False, languageStyle='LTR', name='Instructions_2', opacity=1.0, ori=0.0, pos=array([0., 0.]), rgb=UNKNOWN, text=str(...), units='height', win=Window(...), wrapWidth=1)
79.5788 	EXP 	Created blank1 = TextStim(__class__=<class 'psychopy.visual.text.TextStim'>, alignHoriz=method-wrapper(...), alignText='center', alignVert=method-wrapper(...), anchorHoriz='center', anchorVert='center', antialias=True, autoDraw=False, autoLog=True, bold=False, color=array([1, 1, 1]), colorSpace='rgb', contrast=1.0, depth=0.0, flipHoriz=False, flipVert=False, font='Open Sans', fontFiles=[], height=0.05, italic=False, languageStyle='LTR', name='blank1', opacity=1.0, ori=0.0, pos=array([0., 0.]), rgb=UNKNOWN, text='', units='height', win=Window(...), wrapWidth=1)
79.5875 	EXP 	Created anecdotes_2 = TextStim(__class__=<class 'psychopy.visual.text.TextStim'>, alignHoriz=method-wrapper(...), alignText='center', alignVert=method-wrapper(...), anchorHoriz='center', anchorVert='center', antialias=True, autoDraw=False, autoLog=True, bold=False, color=array([1, 1, 1]), colorSpace='rgb', contrast=1.0, depth=0.0, flipHoriz=False, flipVert=False, font='Open Sans', fontFiles=[], height=0.05, italic=False, languageStyle='LTR', name='anecdotes_2', opacity=1.0, ori=0.0, pos=array([0., 0.]), rgb=UNKNOWN, text='Une voiture a 4 roues', units='height', win=Window(...), wrapWidth=1)
79.5896 	EXP 	Created blank_2 = TextStim(__class__=<class 'psychopy.visual.text.TextStim'>, alignHoriz=method-wrapper(...), alignText='center', alignVert=method-wrapper(...), anchorHoriz='center', anchorVert='center', antialias=True, autoDraw=False, autoLog=True, bold=False, color=array([1, 1, 1]), colorSpace='rgb', contrast=1.0, depth=-1.0, flipHoriz=False, flipVert=False, font='Open Sans', fontFiles=[], height=0.05, italic=False, languageStyle='LTR', name='blank_2', opacity=1.0, ori=0.0, pos=array([0., 0.]), rgb=UNKNOWN, text='', units='height', win=Window(...), wrapWidth=1)
79.5992 	EXP 	Created feedback_phrase_2 = TextStim(__class__=<class 'psychopy.visual.text.TextStim'>, alignHoriz=method-wrapper(...), alignText='center', alignVert=method-wrapper(...), anchorHoriz='center', anchorVert='center', antialias=True, autoDraw=False, autoLog=True, bold=False, color=array([1, 1, 1]), colorSpace='rgb', contrast=1.0, depth=-2.0, flipHoriz=False, flipVert=False, font='Open Sans', fontFiles=[], height=0.05, italic=False, languageStyle='LTR', name='feedback_phrase_2', opacity=1.0, ori=0.0, pos=array([0.  , 0.25]), rgb=UNKNOWN, text=str(...), units='height', win=Window(...), wrapWidth=1)
79.6076 	EXP 	Created feedback_fichier_train_2 = TextStim(__class__=<class 'psychopy.visual.text.TextStim'>, alignHoriz=method-wrapper(...), alignText='center', alignVert=method-wrapper(...), anchorHoriz='center', anchorVert='center', antialias=True, autoDraw=False, autoLog=True, bold=False, color=array([1, 1, 1]), colorSpace='rgb', contrast=1.0, depth=-3.0, flipHoriz=False, flipVert=False, font='Open Sans', fontFiles=[], height=0.05, italic=False, languageStyle='LTR', name='feedback_fichier_train_2', opacity=1.0, ori=0.0, pos=array([0., 0.]), rgb=UNKNOWN, text='par Pikachu', units='height', win=Window(...), wrapWidth=1)
79.6173 	EXP 	Created anecdotes_1 = TextStim(__class__=<class 'psychopy.visual.text.TextStim'>, alignHoriz=method-wrapper(...), alignText='center', alignVert=method-wrapper(...), anchorHoriz='center', anchorVert='center', antialias=True, autoDraw=False, autoLog=True, bold=False, color=array([1, 1, 1]), colorSpace='rgb', contrast=1.0, depth=0.0, flipHoriz=False, flipVert=False, font='Open Sans', fontFiles=[], height=0.05, italic=False, languageStyle='LTR', name='anecdotes_1', opacity=1.0, ori=0.0, pos=array([0., 0.]), rgb=UNKNOWN, text=str(...), units='height', win=Window(...), wrapWidth=1)
79.6191 	EXP 	Created blank = TextStim(__class__=<class 'psychopy.visual.text.TextStim'>, alignHoriz=method-wrapper(...), alignText='center', alignVert=method-wrapper(...), anchorHoriz='center', anchorVert='center', antialias=True, autoDraw=False, autoLog=True, bold=False, color=array([1, 1, 1]), colorSpace='rgb', contrast=1.0, depth=-1.0, flipHoriz=False, flipVert=False, font='Open Sans', fontFiles=[], height=0.05, italic=False, languageStyle='LTR', name='blank', opacity=1.0, ori=0.0, pos=array([0., 0.]), rgb=UNKNOWN, text='', units='height', win=Window(...), wrapWidth=1)
79.6278 	EXP 	Created feedback_phrase = TextStim(__class__=<class 'psychopy.visual.text.TextStim'>, alignHoriz=method-wrapper(...), alignText='center', alignVert=method-wrapper(...), anchorHoriz='center', anchorVert='center', antialias=True, autoDraw=False, autoLog=True, bold=False, color=array([1, 1, 1]), colorSpace='rgb', contrast=1.0, depth=-2.0, flipHoriz=False, flipVert=False, font='Open Sans', fontFiles=[], height=0.05, italic=False, languageStyle='LTR', name='feedback_phrase', opacity=1.0, ori=0.0, pos=array([0.  , 0.25]), rgb=UNKNOWN, text=str(...), units='height', win=Window(...), wrapWidth=1)
79.6327 	EXP 	Created feedback_fichier_train_1 = TextStim(__class__=<class 'psychopy.visual.text.TextStim'>, alignHoriz=method-wrapper(...), alignText='center', alignVert=method-wrapper(...), anchorHoriz='center', anchorVert='center', antialias=True, autoDraw=False, autoLog=True, bold=False, color=array([1, 1, 1]), colorSpace='rgb', contrast=1.0, depth=-3.0, flipHoriz=False, flipVert=False, font='Open Sans', fontFiles=[], height=0.05, italic=False, languageStyle='LTR', name='feedback_fichier_train_1', opacity=1.0, ori=0.0, pos=array([0., 0.]), rgb=UNKNOWN, text='par E.T', units='height', win=Window(...), wrapWidth=1)
79.6407 	EXP 	Created anecdotes_3 = TextStim(__class__=<class 'psychopy.visual.text.TextStim'>, alignHoriz=method-wrapper(...), alignText='center', alignVert=method-wrapper(...), anchorHoriz='center', anchorVert='center', antialias=True, autoDraw=False, autoLog=True, bold=False, color=array([1, 1, 1]), colorSpace='rgb', contrast=1.0, depth=0.0, flipHoriz=False, flipVert=False, font='Open Sans', fontFiles=[], height=0.05, italic=False, languageStyle='LTR', name='anecdotes_3', opacity=1.0, ori=0.0, pos=array([0., 0.]), rgb=UNKNOWN, text='Le Coca Cola était à la base un médicament', units='height', win=Window(...), wrapWidth=1)
79.6424 	EXP 	Created blank_3 = TextStim(__class__=<class 'psychopy.visual.text.TextStim'>, alignHoriz=method-wrapper(...), alignText='center', alignVert=method-wrapper(...), anchorHoriz='center', anchorVert='center', antialias=True, autoDraw=False, autoLog=True, bold=False, color=array([1, 1, 1]), colorSpace='rgb', contrast=1.0, depth=-1.0, flipHoriz=False, flipVert=False, font='Open Sans', fontFiles=[], height=0.05, italic=False, languageStyle='LTR', name='blank_3', opacity=1.0, ori=0.0, pos=array([0., 0.]), rgb=UNKNOWN, text='', units='height', win=Window(...), wrapWidth=1)
79.6502 	EXP 	Created feedback_phrase_3 = TextStim(__class__=<class 'psychopy.visual.text.TextStim'>, alignHoriz=method-wrapper(...), alignText='center', alignVert=method-wrapper(...), anchorHoriz='center', anchorVert='center', antialias=True, autoDraw=False, autoLog=True, bold=False, color=array([1, 1, 1]), colorSpace='rgb', contrast=1.0, depth=-2.0, flipHoriz=False, flipVert=False, font='Open Sans', fontFiles=[], height=0.05, italic=False, languageStyle='LTR', name='feedback_phrase_3', opacity=1.0, ori=0.0, pos=array([0.  , 0.25]), rgb=UNKNOWN, text=str(...), units='height', win=Window(...), wrapWidth=1)
79.6550 	EXP 	Created feedback_fichier_train_3 = TextStim(__class__=<class 'psychopy.visual.text.TextStim'>, alignHoriz=method-wrapper(...), alignText='center', alignVert=method-wrapper(...), anchorHoriz='center', anchorVert='center', antialias=True, autoDraw=False, autoLog=True, bold=False, color=array([1, 1, 1]), colorSpace='rgb', contrast=1.0, depth=-3.0, flipHoriz=False, flipVert=False, font='Open Sans', fontFiles=[], height=0.05, italic=False, languageStyle='LTR', name='feedback_fichier_train_3', opacity=1.0, ori=0.0, pos=array([0., 0.]), rgb=UNKNOWN, text='par DeepBlue', units='height', win=Window(...), wrapWidth=1)
79.6635 	EXP 	Created anecdotes_4 = TextStim(__class__=<class 'psychopy.visual.text.TextStim'>, alignHoriz=method-wrapper(...), alignText='center', alignVert=method-wrapper(...), anchorHoriz='center', anchorVert='center', antialias=True, autoDraw=False, autoLog=True, bold=False, color=array([1, 1, 1]), colorSpace='rgb', contrast=1.0, depth=0.0, flipHoriz=False, flipVert=False, font='Open Sans', fontFiles=[], height=0.05, italic=False, languageStyle='LTR', name='anecdotes_4', opacity=1.0, ori=0.0, pos=array([0., 0.]), rgb=UNKNOWN, text="L'escargot est un animal hermaphrodite", units='height', win=Window(...), wrapWidth=1)
79.6652 	EXP 	Created blank_4 = TextStim(__class__=<class 'psychopy.visual.text.TextStim'>, alignHoriz=method-wrapper(...), alignText='center', alignVert=method-wrapper(...), anchorHoriz='center', anchorVert='center', antialias=True, autoDraw=False, autoLog=True, bold=False, color=array([1, 1, 1]), colorSpace='rgb', contrast=1.0, depth=-1.0, flipHoriz=False, flipVert=False, font='Open Sans', fontFiles=[], height=0.05, italic=False, languageStyle='LTR', name='blank_4', opacity=1.0, ori=0.0, pos=array([0., 0.]), rgb=UNKNOWN, text='', units='height', win=Window(...), wrapWidth=1)
79.6729 	EXP 	Created feedback_phrase_4 = TextStim(__class__=<class 'psychopy.visual.text.TextStim'>, alignHoriz=method-wrapper(...), alignText='center', alignVert=method-wrapper(...), anchorHoriz='center', anchorVert='center', antialias=True, autoDraw=False, autoLog=True, bold=False, color=array([1, 1, 1]), colorSpace='rgb', contrast=1.0, depth=-2.0, flipHoriz=False, flipVert=False, font='Open Sans', fontFiles=[], height=0.05, italic=False, languageStyle='LTR', name='feedback_phrase_4', opacity=1.0, ori=0.0, pos=array([0.  , 0.25]), rgb=UNKNOWN, text=str(...), units='height', win=Window(...), wrapWidth=1)
79.6775 	EXP 	Created feedback_fichier_train_4 = TextStim(__class__=<class 'psychopy.visual.text.TextStim'>, alignHoriz=method-wrapper(...), alignText='center', alignVert=method-wrapper(...), anchorHoriz='center', anchorVert='center', antialias=True, autoDraw=False, autoLog=True, bold=False, color=array([1, 1, 1]), colorSpace='rgb', contrast=1.0, depth=-3.0, flipHoriz=False, flipVert=False, font='Open Sans', fontFiles=[], height=0.05, italic=False, languageStyle='LTR', name='feedback_fichier_train_4', opacity=1.0, ori=0.0, pos=array([0., 0.]), rgb=UNKNOWN, text='par Sam', units='height', win=Window(...), wrapWidth=1)
79.6904 	EXP 	Created anecdotes_5 = TextStim(__class__=<class 'psychopy.visual.text.TextStim'>, alignHoriz=method-wrapper(...), alignText='center', alignVert=method-wrapper(...), anchorHoriz='center', anchorVert='center', antialias=True, autoDraw=False, autoLog=True, bold=False, color=array([1, 1, 1]), colorSpace='rgb', contrast=1.0, depth=0.0, flipHoriz=False, flipVert=False, font='Open Sans', fontFiles=[], height=0.05, italic=False, languageStyle='LTR', name='anecdotes_5', opacity=1.0, ori=0.0, pos=array([0., 0.]), rgb=UNKNOWN, text=str(...), units='height', win=Window(...), wrapWidth=1)
79.6920 	EXP 	Created blank_5 = TextStim(__class__=<class 'psychopy.visual.text.TextStim'>, alignHoriz=method-wrapper(...), alignText='center', alignVert=method-wrapper(...), anchorHoriz='center', anchorVert='center', antialias=True, autoDraw=False, autoLog=True, bold=False, color=array([1, 1, 1]), colorSpace='rgb', contrast=1.0, depth=-1.0, flipHoriz=False, flipVert=False, font='Open Sans', fontFiles=[], height=0.05, italic=False, languageStyle='LTR', name='blank_5', opacity=1.0, ori=0.0, pos=array([0., 0.]), rgb=UNKNOWN, text='', units='height', win=Window(...), wrapWidth=1)
79.6995 	EXP 	Created feedback_phrase_5 = TextStim(__class__=<class 'psychopy.visual.text.TextStim'>, alignHoriz=method-wrapper(...), alignText='center', alignVert=method-wrapper(...), anchorHoriz='center', anchorVert='center', antialias=True, autoDraw=False, autoLog=True, bold=False, color=array([1, 1, 1]), colorSpace='rgb', contrast=1.0, depth=-2.0, flipHoriz=False, flipVert=False, font='Open Sans', fontFiles=[], height=0.05, italic=False, languageStyle='LTR', name='feedback_phrase_5', opacity=1.0, ori=0.0, pos=array([0.  , 0.25]), rgb=UNKNOWN, text=str(...), units='height', win=Window(...), wrapWidth=1)
79.7042 	EXP 	Created feedback_fichier_train_5 = TextStim(__class__=<class 'psychopy.visual.text.TextStim'>, alignHoriz=method-wrapper(...), alignText='center', alignVert=method-wrapper(...), anchorHoriz='center', anchorVert='center', antialias=True, autoDraw=False, autoLog=True, bold=False, color=array([1, 1, 1]), colorSpace='rgb', contrast=1.0, depth=-3.0, flipHoriz=False, flipVert=False, font='Open Sans', fontFiles=[], height=0.05, italic=False, languageStyle='LTR', name='feedback_fichier_train_5', opacity=1.0, ori=0.0, pos=array([0., 0.]), rgb=UNKNOWN, text='par Amazon', units='height', win=Window(...), wrapWidth=1)
79.7145 	EXP 	Created anecdotes_6 = TextStim(__class__=<class 'psychopy.visual.text.TextStim'>, alignHoriz=method-wrapper(...), alignText='center', alignVert=method-wrapper(...), anchorHoriz='center', anchorVert='center', antialias=True, autoDraw=False, autoLog=True, bold=False, color=array([1, 1, 1]), colorSpace='rgb', contrast=1.0, depth=0.0, flipHoriz=False, flipVert=False, font='Open Sans', fontFiles=[], height=0.05, italic=False, languageStyle='LTR', name='anecdotes_6', opacity=1.0, ori=0.0, pos=array([0.  , 0.25]), rgb=UNKNOWN, text=str(...), units='height', win=Window(...), wrapWidth=1)
79.7405 	EXP 	Created blank_6 = TextStim(__class__=<class 'psychopy.visual.text.TextStim'>, alignHoriz=method-wrapper(...), alignText='center', alignVert=method-wrapper(...), anchorHoriz='center', anchorVert='center', antialias=True, autoDraw=False, autoLog=True, bold=False, color=array([1, 1, 1]), colorSpace='rgb', contrast=1.0, depth=-2.0, flipHoriz=False, flipVert=False, font='Open Sans', fontFiles=[], height=0.05, italic=False, languageStyle='LTR', name='blank_6', opacity=1.0, ori=0.0, pos=array([0., 0.]), rgb=UNKNOWN, text='', units='height', win=Window(...), wrapWidth=1)
79.7481 	EXP 	Created feedback_phrase_6 = TextStim(__class__=<class 'psychopy.visual.text.TextStim'>, alignHoriz=method-wrapper(...), alignText='center', alignVert=method-wrapper(...), anchorHoriz='center', anchorVert='center', antialias=True, autoDraw=False, autoLog=True, bold=False, color=array([1, 1, 1]), colorSpace='rgb', contrast=1.0, depth=-3.0, flipHoriz=False, flipVert=False, font='Open Sans', fontFiles=[], height=0.05, italic=False, languageStyle='LTR', name='feedback_phrase_6', opacity=1.0, ori=0.0, pos=array([0.  , 0.25]), rgb=UNKNOWN, text=str(...), units='height', win=Window(...), wrapWidth=1)
79.7516 	EXP 	Created feedback_fichier_train_6 = TextStim(__class__=<class 'psychopy.visual.text.TextStim'>, alignHoriz=method-wrapper(...), alignText='center', alignVert=method-wrapper(...), anchorHoriz='center', anchorVert='center', antialias=True, autoDraw=False, autoLog=True, bold=False, color=array([1, 1, 1]), colorSpace='rgb', contrast=1.0, depth=-4.0, flipHoriz=False, flipVert=False, font='Open Sans', fontFiles=[], height=0.05, italic=False, languageStyle='LTR', name='feedback_fichier_train_6', opacity=1.0, ori=0.0, pos=array([0., 0.]), rgb=UNKNOWN, text='NOMS', units='height', win=Window(...), wrapWidth=1)
79.7532 	EXP 	Created blank1 = TextStim(__class__=<class 'psychopy.visual.text.TextStim'>, alignHoriz=method-wrapper(...), alignText='center', alignVert=method-wrapper(...), anchorHoriz='center', anchorVert='center', antialias=True, autoDraw=False, autoLog=True, bold=False, color=array([1, 1, 1]), colorSpace='rgb', contrast=1.0, depth=0.0, flipHoriz=False, flipVert=False, font='Open Sans', fontFiles=[], height=0.05, italic=False, languageStyle='LTR', name='blank1', opacity=1.0, ori=0.0, pos=array([0., 0.]), rgb=UNKNOWN, text='', units='height', win=Window(...), wrapWidth=1)
79.7896 	EXP 	Created Instructions_reco_1 = TextStim(__class__=<class 'psychopy.visual.text.TextStim'>, alignHoriz=method-wrapper(...), alignText='center', alignVert=method-wrapper(...), anchorHoriz='center', anchorVert='center', antialias=True, autoDraw=False, autoLog=True, bold=False, color=array([1, 1, 1]), colorSpace='rgb', contrast=1.0, depth=0.0, flipHoriz=False, flipVert=False, font='Open Sans', fontFiles=[], height=0.05, italic=False, languageStyle='LTR', name='Instructions_reco_1', opacity=1.0, ori=0.0, pos=array([0., 0.]), rgb=UNKNOWN, text=str(...), units='height', win=Window(...), wrapWidth=1)
79.7913 	EXP 	Created blank1 = TextStim(__class__=<class 'psychopy.visual.text.TextStim'>, alignHoriz=method-wrapper(...), alignText='center', alignVert=method-wrapper(...), anchorHoriz='center', anchorVert='center', antialias=True, autoDraw=False, autoLog=True, bold=False, color=array([1, 1, 1]), colorSpace='rgb', contrast=1.0, depth=0.0, flipHoriz=False, flipVert=False, font='Open Sans', fontFiles=[], height=0.05, italic=False, languageStyle='LTR', name='blank1', opacity=1.0, ori=0.0, pos=array([0., 0.]), rgb=UNKNOWN, text='', units='height', win=Window(...), wrapWidth=1)
79.7924 	EXP 	Created anecdotes_train_2 = TextStim(__class__=<class 'psychopy.visual.text.TextStim'>, alignHoriz=method-wrapper(...), alignText='center', alignVert=method-wrapper(...), anchorHoriz='center', anchorVert='center', antialias=True, autoDraw=False, autoLog=True, bold=False, color=array([1, 1, 1]), colorSpace='rgb', contrast=1.0, depth=0.0, flipHoriz=False, flipVert=False, font='Open Sans', fontFiles=[], height=0.05, italic=False, languageStyle='LTR', name='anecdotes_train_2', opacity=1.0, ori=0.0, pos=array([0.  , 0.25]), rgb=UNKNOWN, text='', units='height', win=Window(...), wrapWidth=1)
79.8123 	EXP 	Created validation_train_reco = TextStim(__class__=<class 'psychopy.visual.text.TextStim'>, alignHoriz=method-wrapper(...), alignText='center', alignVert=method-wrapper(...), anchorHoriz='center', anchorVert='center', antialias=True, autoDraw=False, autoLog=True, bold=False, color=array([1, 1, 1]), colorSpace='rgb', contrast=1.0, depth=-2.0, flipHoriz=False, flipVert=False, font='Open Sans', fontFiles=[], height=0.02, italic=False, languageStyle='LTR', name='validation_train_reco', opacity=1.0, ori=0.0, pos=array([ 0. , -0.4]), rgb=UNKNOWN, text='Valider', units='height', win=Window(...), wrapWidth=1)
79.8124 	EXP 	window1: mouseVisible = True
79.8141 	EXP 	Created blank2 = TextStim(__class__=<class 'psychopy.visual.text.TextStim'>, alignHoriz=method-wrapper(...), alignText='center', alignVert=method-wrapper(...), anchorHoriz='center', anchorVert='center', antialias=True, autoDraw=False, autoLog=True, bold=False, color=array([1, 1, 1]), colorSpace='rgb', contrast=1.0, depth=0.0, flipHoriz=False, flipVert=False, font='Open Sans', fontFiles=[], height=0.05, italic=False, languageStyle='LTR', name='blank2', opacity=1.0, ori=0.0, pos=array([0., 0.]), rgb=UNKNOWN, text='', units='height', win=Window(...), wrapWidth=1)
79.8157 	EXP 	Created blank1 = TextStim(__class__=<class 'psychopy.visual.text.TextStim'>, alignHoriz=method-wrapper(...), alignText='center', alignVert=method-wrapper(...), anchorHoriz='center', anchorVert='center', antialias=True, autoDraw=False, autoLog=True, bold=False, color=array([1, 1, 1]), colorSpace='rgb', contrast=1.0, depth=0.0, flipHoriz=False, flipVert=False, font='Open Sans', fontFiles=[], height=0.05, italic=False, languageStyle='LTR', name='blank1', opacity=1.0, ori=0.0, pos=array([0., 0.]), rgb=UNKNOWN, text='', units='height', win=Window(...), wrapWidth=1)
79.8265 	EXP 	Created text = TextStim(__class__=<class 'psychopy.visual.text.TextStim'>, alignHoriz=method-wrapper(...), alignText='center', alignVert=method-wrapper(...), anchorHoriz='center', anchorVert='center', antialias=True, autoDraw=False, autoLog=True, bold=False, color=array([1, 1, 1]), colorSpace='rgb', contrast=1.0, depth=0.0, flipHoriz=False, flipVert=False, font='Open Sans', fontFiles=[], height=0.05, italic=False, languageStyle='LTR', name='text', opacity=1.0, ori=0.0, pos=array([0., 0.]), rgb=UNKNOWN, text=str(...), units='height', win=Window(...), wrapWidth=1)
79.8466 	EXP 	train_text: autoLog = True
79.8466 	EXP 	reco_text_train: autoLog = True
79.8466 	EXP 	Welcome_text: autoDraw = True
82.8600 	EXP 	Welcome_text: autoDraw = False
82.8600 	EXP 	Instructions_1: autoDraw = True
92.8343 	EXP 	Instructions_2: autoDraw = True
92.8666 	EXP 	Instructions_1: autoDraw = False
103.8740 	DATA 	Keypress: i
103.9190 	EXP 	Instructions_1: autoDraw = False
103.9190 	EXP 	Instructions_2: autoDraw = False
103.9190 	EXP 	blank1: autoDraw = True
104.9021 	EXP 	blank1: autoDraw = False
104.9021 	EXP 	anecdotes_2: autoDraw = True
114.8747 	EXP 	blank_2: autoDraw = True
114.9079 	EXP 	anecdotes_2: autoDraw = False
115.3743 	EXP 	blank_2: autoDraw = False
115.3743 	EXP 	feedback_phrase_2: autoDraw = True
115.3743 	EXP 	feedback_fichier_train_2: autoDraw = True
120.3854 	EXP 	feedback_phrase_2: autoDraw = False
120.3854 	EXP 	feedback_fichier_train_2: autoDraw = False
120.3854 	EXP 	anecdotes_2: autoDraw = False
120.3854 	EXP 	blank_2: autoDraw = False
120.3854 	EXP 	feedback_phrase_2: autoDraw = False
120.3854 	EXP 	feedback_fichier_train_2: autoDraw = False
120.3854 	EXP 	anecdotes_1: autoDraw = True
130.3748 	EXP 	blank: autoDraw = True
130.3912 	EXP 	anecdotes_1: autoDraw = False
130.8742 	EXP 	feedback_phrase: autoDraw = True
130.8742 	EXP 	feedback_fichier_train_1: autoDraw = True
130.8907 	EXP 	blank: autoDraw = False
135.8854 	EXP 	feedback_phrase: autoDraw = False
135.8854 	EXP 	feedback_fichier_train_1: autoDraw = False
135.8854 	EXP 	anecdotes_1: autoDraw = False
135.8854 	EXP 	blank: autoDraw = False
135.8854 	EXP 	feedback_phrase: autoDraw = False
135.8854 	EXP 	feedback_fichier_train_1: autoDraw = False
135.8854 	EXP 	anecdotes_3: autoDraw = True
145.8745 	EXP 	blank_3: autoDraw = True
145.8911 	EXP 	anecdotes_3: autoDraw = False
146.3742 	EXP 	blank_3: autoDraw = False
146.3742 	EXP 	feedback_phrase_3: autoDraw = True
146.3742 	EXP 	feedback_fichier_train_3: autoDraw = True
151.3851 	EXP 	feedback_phrase_3: autoDraw = False
151.3851 	EXP 	feedback_fichier_train_3: autoDraw = False
151.3851 	EXP 	anecdotes_3: autoDraw = False
151.3851 	EXP 	blank_3: autoDraw = False
151.3851 	EXP 	feedback_phrase_3: autoDraw = False
151.3851 	EXP 	feedback_fichier_train_3: autoDraw = False
151.3851 	EXP 	anecdotes_4: autoDraw = True
161.3745 	EXP 	blank_4: autoDraw = True
161.3910 	EXP 	anecdotes_4: autoDraw = False
161.8739 	EXP 	blank_4: autoDraw = False
161.8739 	EXP 	feedback_phrase_4: autoDraw = True
161.8739 	EXP 	feedback_fichier_train_4: autoDraw = True
166.8853 	EXP 	feedback_phrase_4: autoDraw = False
166.8853 	EXP 	feedback_fichier_train_4: autoDraw = False
166.8853 	EXP 	anecdotes_4: autoDraw = False
166.8853 	EXP 	blank_4: autoDraw = False
166.8853 	EXP 	feedback_phrase_4: autoDraw = False
166.8853 	EXP 	feedback_fichier_train_4: autoDraw = False
166.8853 	EXP 	anecdotes_5: autoDraw = True
174.3454 	DATA 	Keypress: e
175.6107 	DATA 	Keypress: e
175.7438 	DATA 	Keypress: z
175.9105 	DATA 	Keypress: e
176.0270 	DATA 	Keypress: z
176.8745 	EXP 	blank_5: autoDraw = True
176.8907 	EXP 	anecdotes_5: autoDraw = False
177.0924 	DATA 	Keypress: d
177.3738 	EXP 	feedback_phrase_5: autoDraw = True
177.3738 	EXP 	feedback_fichier_train_5: autoDraw = True
177.3906 	EXP 	blank_5: autoDraw = False
182.4006 	EXP 	feedback_phrase_5: autoDraw = False
182.4006 	EXP 	feedback_fichier_train_5: autoDraw = False
182.4006 	EXP 	anecdotes_5: autoDraw = False
182.4006 	EXP 	blank_5: autoDraw = False
182.4006 	EXP 	feedback_phrase_5: autoDraw = False
182.4006 	EXP 	feedback_fichier_train_5: autoDraw = False
182.4006 	EXP 	anecdotes_6: autoDraw = True
182.4006 	EXP 	train_text: autoDraw = True
183.6039 	DATA 	Keypress: lshift
183.7537 	DATA 	Keypress: l
183.9202 	DATA 	Keypress: e
184.0211 	DATA 	Keypress: space
184.1373 	DATA 	Keypress: d
184.2376 	DATA 	Keypress: i
184.3703 	DATA 	Keypress: a
184.5868 	DATA 	Keypress: m
185.0693 	DATA 	Keypress: 7
185.1362 	DATA 	Keypress: t
185.3027 	DATA 	Keypress: r
185.3690 	DATA 	Keypress: e
185.4357 	DATA 	Keypress: space
185.6019 	DATA 	Keypress: d
185.7682 	DATA 	Keypress: u
186.1854 	DATA 	Keypress: space
186.2848 	DATA 	Keypress: s
186.4020 	DATA 	Keypress: o
186.5679 	DATA 	Keypress: l
186.7341 	DATA 	Keypress: e
186.8172 	DATA 	Keypress: i
186.9336 	DATA 	Keypress: l
187.0509 	DATA 	Keypress: space
187.1507 	DATA 	Keypress: d
187.2006 	DATA 	Keypress: i
187.3669 	DATA 	Keypress: m
187.5005 	DATA 	Keypress: i
187.7664 	DATA 	Keypress: n
187.9991 	DATA 	Keypress: u
188.0498 	DATA 	Keypress: e
188.1175 	DATA 	Keypress: space
188.1993 	DATA 	Keypress: d
188.3827 	DATA 	Keypress: 4
188.7317 	DATA 	Keypress: u
188.9649 	DATA 	Keypress: n
189.0655 	DATA 	Keypress: space
189.2315 	DATA 	Keypress: m
189.4646 	DATA 	Keypress: e
189.6309 	DATA 	Keypress: t
189.8139 	DATA 	Keypress: r
189.8638 	DATA 	Keypress: e
189.9138 	DATA 	Keypress: space
190.0474 	DATA 	Keypress: p
190.0974 	DATA 	Keypress: a
190.1640 	DATA 	Keypress: r
190.2138 	DATA 	Keypress: space
190.3971 	DATA 	Keypress: h
190.4476 	DATA 	Keypress: e
190.5972 	DATA 	Keypress: u
190.6645 	DATA 	Keypress: r
190.7297 	DATA 	Keypress: e
192.3747 	EXP 	blank_6: autoDraw = True
192.4077 	EXP 	anecdotes_6: autoDraw = False
192.4077 	EXP 	train_text: autoDraw = False
192.8737 	EXP 	feedback_phrase_6: autoDraw = True
192.8737 	EXP 	feedback_fichier_train_6: autoDraw = True
192.8903 	EXP 	blank_6: autoDraw = False
197.8847 	EXP 	feedback_phrase_6: autoDraw = False
197.8847 	EXP 	feedback_fichier_train_6: autoDraw = False
197.8847 	EXP 	anecdotes_6: autoDraw = False
197.8847 	EXP 	train_text: autoDraw = False
197.8847 	EXP 	blank_6: autoDraw = False
197.8847 	EXP 	feedback_phrase_6: autoDraw = False
197.8847 	EXP 	feedback_fichier_train_6: autoDraw = False
197.8847 	EXP 	blank1: autoDraw = True
198.9025 	EXP 	blank1: autoDraw = False
198.9025 	EXP 	Instructions_reco_1: autoDraw = True
200.6355 	DATA 	Keypress: i
201.9843 	DATA 	Mouse: wheel shift=(0,-1), pos=(658,539)
202.0008 	DATA 	Mouse: wheel shift=(0,-1), pos=(658,539)
202.0174 	DATA 	Mouse: wheel shift=(0,-1), pos=(658,539)
202.0505 	DATA 	Mouse: wheel shift=(0,-1), pos=(658,539)
202.0673 	DATA 	Mouse: wheel shift=(0,-1), pos=(658,539)
202.1508 	DATA 	Mouse: wheel shift=(0,-1), pos=(658,539)
203.5161 	DATA 	Keypress: space
207.7286 	DATA 	Keypress: i
207.7406 	EXP 	Instructions_reco_1: autoDraw = False
207.7406 	EXP 	blank1: autoDraw = True
208.7739 	EXP 	Imported C:/Users/cassi/OneDrive/Bureau/Dossier_exp/Expérimentation_Groupe/StimTrainPersoFinal.xlsx as conditions, 6 conditions, 8 params
208.7763 	EXP 	Created sequence: random, trialTypes=6, nReps=1, seed=None
208.7768 	EXP 	New trial (rep=0, index=0): {'anec': "Le kangourou est l'animal emblématique de l'Australie", 'rotation_pika': 'E.T', 'rotation_E_T': 'DONNEES', 'rotation_DP': 'E.T', 'rotation_Sam': 'E.T', 'rotation_Hamtaro': 'E.T', 'rotation_R2D2': 'E.T', 'fichier': 'DONNEES'}
208.8063 	EXP 	blank1: autoDraw = False
208.8063 	EXP 	anecdotes_train_2: height = 0.05
208.8063 	EXP 	anecdotes_train_2: height = 0.05
208.8063 	EXP 	anecdotes_train_2: height = 0.05
208.8063 	EXP 	anecdotes_train_2: text = "Le kangourou est l'animal emblématique de l'Australie"
208.8063 	EXP 	anecdotes_train_2: autoDraw = True
208.8063 	EXP 	reco_text_train: autoDraw = True
208.8063 	EXP 	validation_train_reco: autoDraw = True
211.4885 	DATA 	Keypress: p
211.5629 	DATA 	Keypress: o
211.7618 	DATA 	Keypress: i
211.9879 	DATA 	Keypress: n
212.0951 	DATA 	Keypress: t
212.1709 	DATA 	Keypress: s
212.3538 	DATA 	Keypress: return
214.0176 	DATA 	Mouse: wheel shift=(0,-1), pos=(641,442)
214.0345 	DATA 	Mouse: wheel shift=(0,-1), pos=(641,442)
214.0548 	DATA 	Mouse: wheel shift=(0,-1), pos=(641,442)
214.0845 	DATA 	Mouse: wheel shift=(0,-1), pos=(641,442)
214.8670 	DATA 	Mouse: wheel shift=(0,1), pos=(641,442)
214.9169 	DATA 	Mouse: wheel shift=(0,1), pos=(641,442)
214.9669 	DATA 	Mouse: wheel shift=(0,1), pos=(641,442)
220.1989 	DATA 	Keypress: return
220.3778 	DATA 	Keypress: return
220.5777 	DATA 	Keypress: return
220.8772 	DATA 	Keypress: return
221.1438 	DATA 	Keypress: backspace
221.3307 	DATA 	Keypress: backspace
221.4804 	DATA 	Keypress: backspace
221.6465 	DATA 	Keypress: backspace
221.8095 	DATA 	Keypress: backspace
223.7414 	DATA 	Mouse: Left button down, pos=(518,236)
223.8577 	DATA 	Mouse:  Left button up, pos=(518,236)
223.9906 	DATA 	Mouse: Left button down, pos=(518,236)
224.0754 	DATA 	Mouse:  Left button up, pos=(518,236)
224.7068 	DATA 	Keypress: escape
225.3465 	EXP 	window1: mouseVisible = True
